<?xml version="1.0" encoding="utf-8"?><testsuites name="pytest tests"><testsuite name="pytest" errors="0" failures="0" skipped="0" tests="14" time="0.114" timestamp="2026-01-15T01:57:36.159775+03:00" hostname="GF75-Thin-10SC"><testcase classname="tests.masks_test" name="test_get_mask_card_number[1234 1234 1234 1234-1234 12** **** 1234]" time="0.002" /><testcase classname="tests.masks_test" name="test_get_mask_card_number[1235 45584 54555-1235 45** **** 4555]" time="0.001" /><testcase classname="tests.masks_test" name="test_invalid_card_number" time="0.001" /><testcase classname="tests.masks_test" name="test_get_mask_account" time="0.001" /><testcase classname="tests.processing_test" name="test_filter_by_state" time="0.001" /><testcase classname="tests.widget_test" name="test_mask_account_card[Maestro 1596837868705199-Maestro 1596 83** **** 5199]" time="0.001" /><testcase classname="tests.widget_test" name="test_mask_account_card[\u0421\u0447\u0435\u0442 64686473678894779589-\u0421\u0447\u0435\u0442 ** 9589]" time="0.001" /><testcase classname="tests.widget_test" name="test_mask_account_card[MasterCard 7158300734726758-MasterCard 7158 30** **** 6758]" time="0.001" /><testcase classname="tests.widget_test" name="test_mask_account_card[\u0421\u0447\u0435\u0442 35383033474447895560-\u0421\u0447\u0435\u0442 ** 5560]" time="0.001" /><testcase classname="tests.widget_test" name="test_mask_account_card[Visa Classic 6831982476737658-VisaClassic 6831 98** **** 7658]" time="0.001" /><testcase classname="tests.widget_test" name="test_mask_account_card[Visa Platinum 8990922113665229-VisaPlatinum 8990 92** **** 5229]" time="0.001" /><testcase classname="tests.widget_test" name="test_mask_account_card[Visa Gold 5999414228426353-VisaGold 5999 41** **** 6353]" time="0.001" /><testcase classname="tests.widget_test" name="test_mask_account_card[\u0421\u0447\u0435\u0442 73654108430135874305-\u0421\u0447\u0435\u0442 ** 4305]" time="0.001" /><testcase classname="tests.widget_test" name="test_get_date" time="0.000" /></testsuite></testsuites>
